<?xml version="1.0" encoding="UTF-8"?>
<!-- Generated by org.testng.reporters.JUnitXMLReporter -->
<testsuite ignored="0" hostname="COK-A-00142" failures="0" tests="5" name="Open Cart Home Page Test_chrome" time="11.003" errors="0" timestamp="2023-07-28T15:05:37 IST">
  <testcase classname="com.qa.opencart.tests.HomePageTest" name="homePageTitleTest" time="0.011"/>
  <testcase classname="com.qa.opencart.tests.HomePageTest" name="homePageUrlTest" time="0.001"/>
  <testcase classname="com.qa.opencart.tests.HomePageTest" name="searchTest" time="0.621"/>
  <testcase classname="com.qa.opencart.tests.HomePageTest" name="searchTest" time="0.626"/>
  <testcase classname="com.qa.opencart.tests.HomePageTest" name="searchTest" time="0.583"/>
</testsuite> <!-- Open Cart Home Page Test_chrome -->
