<?xml version="1.0" encoding="UTF-8"?>
<testng-results ignored="0" total="7" passed="7" failed="0" skipped="0">
  <reporter-output>
  </reporter-output>
  <suite started-at="2023-07-28T15:05:26 IST" name="Open Cart Test Regression PW Suite" finished-at="2023-07-28T15:05:37 IST" duration-ms="11027">
    <groups>
    </groups>
    <test started-at="2023-07-28T15:05:26 IST" name="Open Cart Login Page " finished-at="2023-07-28T15:05:37 IST" duration-ms="11027">
      <class name="com.qa.opencart.tests.LoginPageTest">
        <test-method is-config="true" signature="setup()[pri:0, instance:com.qa.opencart.tests.LoginPageTest@25ce9dc4]" started-at="2023-07-28T15:05:26 IST" name="setup" finished-at="2023-07-28T15:05:35 IST" duration-ms="9169" status="PASS">
          <reporter-output>
          </reporter-output>
        </test-method> <!-- setup -->
        <test-method signature="loginPageTitleTest()[pri:1, instance:com.qa.opencart.tests.LoginPageTest@25ce9dc4]" started-at="2023-07-28T15:05:35 IST" name="loginPageTitleTest" finished-at="2023-07-28T15:05:36 IST" duration-ms="588" status="PASS">
          <reporter-output>
          </reporter-output>
        </test-method> <!-- loginPageTitleTest -->
        <test-method signature="doLogin()[pri:2, instance:com.qa.opencart.tests.LoginPageTest@25ce9dc4]" started-at="2023-07-28T15:05:36 IST" name="doLogin" finished-at="2023-07-28T15:05:37 IST" duration-ms="1002" status="PASS">
          <reporter-output>
          </reporter-output>
        </test-method> <!-- doLogin -->
        <test-method is-config="true" signature="tearDown()[pri:0, instance:com.qa.opencart.tests.LoginPageTest@25ce9dc4]" started-at="2023-07-28T15:05:37 IST" name="tearDown" finished-at="2023-07-28T15:05:37 IST" duration-ms="242" status="PASS">
          <reporter-output>
          </reporter-output>
        </test-method> <!-- tearDown -->
      </class> <!-- com.qa.opencart.tests.LoginPageTest -->
    </test> <!-- Open Cart Login Page  -->
    <test started-at="2023-07-28T15:05:26 IST" name="Open Cart Home Page Test_chrome" finished-at="2023-07-28T15:05:37 IST" duration-ms="11003">
      <class name="com.qa.opencart.tests.HomePageTest">
        <test-method is-config="true" signature="setup()[pri:0, instance:com.qa.opencart.tests.HomePageTest@6fdbe764]" started-at="2023-07-28T15:05:26 IST" name="setup" finished-at="2023-07-28T15:05:35 IST" duration-ms="8890" status="PASS">
          <reporter-output>
          </reporter-output>
        </test-method> <!-- setup -->
        <test-method signature="homePageTitleTest()[pri:0, instance:com.qa.opencart.tests.HomePageTest@6fdbe764]" started-at="2023-07-28T15:05:35 IST" name="homePageTitleTest" finished-at="2023-07-28T15:05:35 IST" duration-ms="11" status="PASS">
          <reporter-output>
          </reporter-output>
        </test-method> <!-- homePageTitleTest -->
        <test-method signature="homePageUrlTest()[pri:0, instance:com.qa.opencart.tests.HomePageTest@6fdbe764]" started-at="2023-07-28T15:05:35 IST" name="homePageUrlTest" finished-at="2023-07-28T15:05:35 IST" duration-ms="1" status="PASS">
          <reporter-output>
          </reporter-output>
        </test-method> <!-- homePageUrlTest -->
        <test-method signature="searchTest(java.lang.String)[pri:0, instance:com.qa.opencart.tests.HomePageTest@6fdbe764]" started-at="2023-07-28T15:05:35 IST" name="searchTest" data-provider="getProductData" finished-at="2023-07-28T15:05:35 IST" duration-ms="621" status="PASS">
          <params>
            <param index="0">
              <value>
                <![CDATA[MAC]]>
              </value>
            </param>
          </params>
          <reporter-output>
          </reporter-output>
        </test-method> <!-- searchTest -->
        <test-method signature="searchTest(java.lang.String)[pri:0, instance:com.qa.opencart.tests.HomePageTest@6fdbe764]" started-at="2023-07-28T15:05:35 IST" name="searchTest" data-provider="getProductData" finished-at="2023-07-28T15:05:36 IST" duration-ms="626" status="PASS">
          <params>
            <param index="0">
              <value>
                <![CDATA[iphone]]>
              </value>
            </param>
          </params>
          <reporter-output>
          </reporter-output>
        </test-method> <!-- searchTest -->
        <test-method signature="searchTest(java.lang.String)[pri:0, instance:com.qa.opencart.tests.HomePageTest@6fdbe764]" started-at="2023-07-28T15:05:36 IST" name="searchTest" data-provider="getProductData" finished-at="2023-07-28T15:05:37 IST" duration-ms="583" status="PASS">
          <params>
            <param index="0">
              <value>
                <![CDATA[ipad]]>
              </value>
            </param>
          </params>
          <reporter-output>
          </reporter-output>
        </test-method> <!-- searchTest -->
        <test-method is-config="true" signature="tearDown()[pri:0, instance:com.qa.opencart.tests.HomePageTest@6fdbe764]" started-at="2023-07-28T15:05:37 IST" name="tearDown" finished-at="2023-07-28T15:05:37 IST" duration-ms="220" status="PASS">
          <reporter-output>
          </reporter-output>
        </test-method> <!-- tearDown -->
      </class> <!-- com.qa.opencart.tests.HomePageTest -->
    </test> <!-- Open Cart Home Page Test_chrome -->
  </suite> <!-- Open Cart Test Regression PW Suite -->
</testng-results>
